<?xml version="1.0" encoding="UTF-8"?>
<testsuite name="C:/Users/HP/IdeaProjects/ATB6xRestAssuredLearning"
           tests="2"
           failures="0"
           errors="0"
           skipped="0"
           time="4.873">
    <properties></properties>



            <testcase
                name="getRequest"
                time="3.612"
                classname="org.example.ex_ra01.testng.Lab103">
            </testcase>
            <testcase
                name="getRequest1"
                time="1.261"
                classname="org.example.ex_ra01.testng.Lab103">
            </testcase>
</testsuite>
