<?xml version="1.0" encoding="UTF-8"?>
<testsuite name="C:/Users/HP/IdeaProjects/ATB6xRestAssuredLearning"
           tests="2"
           failures="0"
           errors="0"
           skipped="0"
           time="1.958">
    <properties></properties>



            <testcase
                name="getRequestNonBDDStyle"
                time="0.747"
                classname="org.example.ex_ra01.CRUD.GET.NonBDDStyle.Lab112">
            </testcase>
            <testcase
                name="getRequestNonBDDStyle2"
                time="1.211"
                classname="org.example.ex_ra01.CRUD.GET.NonBDDStyle.Lab112">
            </testcase>
</testsuite>
