<?xml version="1.0" encoding="UTF-8"?>
<testsuite name="C:/Users/HP/IdeaProjects/ATB6xRestAssuredLearning"
           tests="3"
           failures="0"
           errors="0"
           skipped="0"
           time="0.032">
    <properties></properties>



            <testcase
                name="getRequest1"
                time="0.006"
                classname="org.example.ex_ra01.testng.Lab104">
            </testcase>
            <testcase
                name="getRequest2"
                time="0.010"
                classname="org.example.ex_ra01.testng.Lab104">
            </testcase>
            <testcase
                name="getRequest"
                time="0.016"
                classname="org.example.ex_ra01.testng.Lab104">
            </testcase>
</testsuite>
