<?xml version="1.0" encoding="UTF-8"?>
<testsuite name="ATB6xRestAssuredLearning"
           tests="4"
           failures="0"
           errors="0"
           skipped="0"
           time="0.076">
    <properties></properties>



            <testcase
                name="testMethodNegativeOne"
                time="0.076"
                classname="org.example.ex_ra01.ex_25062024.Lab122">
            </testcase>
            <testcase
                name="testMethodTwo"
                time="0.000"
                classname="org.example.ex_ra01.ex_25062024.Lab122">
            </testcase>
            <testcase
                name="testMethodZero"
                time="0.000"
                classname="org.example.ex_ra01.ex_25062024.Lab122">
            </testcase>
            <testcase
                name="testMethodOne"
                time="0.000"
                classname="org.example.ex_ra01.ex_25062024.Lab122">
            </testcase>
</testsuite>
