<?xml version="1.0" encoding="UTF-8"?>
<testsuite name="ATB6xRestAssuredLearning"
           tests="3"
           failures="0"
           errors="0"
           skipped="0"
           time="0.048">
    <properties></properties>



            <testcase
                name="testAuthToGetToken"
                time="0.000"
                classname="org.example.ex_ra01.ex_25062024.Lab129">
            </testcase>
            <testcase
                name="testAuthToGetToken"
                time="0.000"
                classname="org.example.ex_ra01.ex_25062024.Lab129">
            </testcase>
            <testcase
                name="testAuthToGetToken"
                time="0.048"
                classname="org.example.ex_ra01.ex_25062024.Lab129">
            </testcase>
</testsuite>
