<?xml version="1.0" encoding="UTF-8"?>
<testsuite name="C:/Users/HP/IdeaProjects/ATB6xRestAssuredLearning"
           tests="2"
           failures="0"
           errors="0"
           skipped="0"
           time="2.663">
    <properties></properties>



            <testcase
                name="getRequestNegative"
                time="1.259"
                classname="org.example.ex_ra01.CRUD.GET.NonBDDStyle.Lab113">
            </testcase>
            <testcase
                name="getRequestPositive"
                time="1.404"
                classname="org.example.ex_ra01.CRUD.GET.NonBDDStyle.Lab113">
            </testcase>
</testsuite>
