<?xml version="1.0" encoding="UTF-8"?>
<testsuite name="ATB6xRestAssuredLearning"
           tests="2"
           failures="0"
           errors="0"
           skipped="0"
           time="0.032">
    <properties></properties>



            <testcase
                name="serverStartedOk"
                time="0.032"
                classname="org.example.ex_ra01.ex_25062024.Lab125">
            </testcase>
            <testcase
                name="method1"
                time="0.000"
                classname="org.example.ex_ra01.ex_25062024.Lab125">
            </testcase>
</testsuite>
